# JRE version: Java(TM) SE Runtime Environment (10.0.2+13) (build 10.0.2+13)
# Java VM: Java HotSpot(TM) 64-Bit Server VM (10.0.2+13, mixed mode, tiered, compressed oops, g1 gc, windows-amd64)
Heap:
 garbage-first heap   total 131072K, used 41556K [0x0000000080c00000, 0x0000000100000000)
  region size 1024K, 34 young (34816K), 6 survivors (6144K)
 Metaspace       used 16267K, capacity 16765K, committed 17024K, reserved 1064960K
  class space    used 1606K, capacity 1855K, committed 1920K, reserved 1048576K
GC Heap History (10 events):
Event: 58.716 GC heap before
{Heap before GC invocations=14 (full 0):
 garbage-first heap   total 131072K, used 82405K [0x0000000080c00000, 0x0000000100000000)
  region size 1024K, 76 young (77824K), 6 survivors (6144K)
 Metaspace       used 16264K, capacity 16765K, committed 17024K, reserved 1064960K
  class space    used 1606K, capacity 1855K, committed 1920K, reserved 1048576K
}
Event: 58.724 GC heap after
{Heap after GC invocations=15 (full 0):
 garbage-first heap   total 131072K, used 11253K [0x0000000080c00000, 0x0000000100000000)
  region size 1024K, 6 young (6144K), 6 survivors (6144K)
 Metaspace       used 16264K, capacity 16765K, committed 17024K, reserved 1064960K
  class space    used 1606K, capacity 1855K, committed 1920K, reserved 1048576K
}
Event: 63.743 GC heap before
{Heap before GC invocations=15 (full 0):
 garbage-first heap   total 131072K, used 82933K [0x0000000080c00000, 0x0000000100000000)
  region size 1024K, 76 young (77824K), 6 survivors (6144K)
 Metaspace       used 16264K, capacity 16765K, committed 17024K, reserved 1064960K
  class space    used 1606K, capacity 1855K, committed 1920K, reserved 1048576K
}
Event: 63.748 GC heap after
{Heap after GC invocations=16 (full 0):
 garbage-first heap   total 131072K, used 11926K [0x0000000080c00000, 0x0000000100000000)
  region size 1024K, 6 young (6144K), 6 survivors (6144K)
 Metaspace       used 16264K, capacity 16765K, committed 17024K, reserved 1064960K
  class space    used 1606K, capacity 1855K, committed 1920K, reserved 1048576K
}
Event: 69.266 GC heap before
{Heap before GC invocations=16 (full 0):
 garbage-first heap   total 131072K, used 83606K [0x0000000080c00000, 0x0000000100000000)
  region size 1024K, 76 young (77824K), 6 survivors (6144K)
 Metaspace       used 16267K, capacity 16765K, committed 17024K, reserved 1064960K
  class space    used 1606K, capacity 1855K, committed 1920K, reserved 1048576K
}
Event: 69.273 GC heap after
{Heap after GC invocations=17 (full 0):
 garbage-first heap   total 131072K, used 12601K [0x0000000080c00000, 0x0000000100000000)
  region size 1024K, 6 young (6144K), 6 survivors (6144K)
 Metaspace       used 16267K, capacity 16765K, committed 17024K, reserved 1064960K
  class space    used 1606K, capacity 1855K, committed 1920K, reserved 1048576K
}
Event: 75.126 GC heap before
{Heap before GC invocations=17 (full 0):
 garbage-first heap   total 131072K, used 84281K [0x0000000080c00000, 0x0000000100000000)
  region size 1024K, 76 young (77824K), 6 survivors (6144K)
 Metaspace       used 16267K, capacity 16765K, committed 17024K, reserved 1064960K
  class space    used 1606K, capacity 1855K, committed 1920K, reserved 1048576K
}
Event: 75.135 GC heap after
{Heap after GC invocations=18 (full 0):
 garbage-first heap   total 131072K, used 13711K [0x0000000080c00000, 0x0000000100000000)
  region size 1024K, 7 young (7168K), 7 survivors (7168K)
 Metaspace       used 16267K, capacity 16765K, committed 17024K, reserved 1064960K
  class space    used 1606K, capacity 1855K, committed 1920K, reserved 1048576K
}
Event: 77.166 GC heap before
{Heap before GC invocations=18 (full 0):
 garbage-first heap   total 131072K, used 84367K [0x0000000080c00000, 0x0000000100000000)
  region size 1024K, 76 young (77824K), 7 survivors (7168K)
 Metaspace       used 16267K, capacity 16765K, committed 17024K, reserved 1064960K
  class space    used 1606K, capacity 1855K, committed 1920K, reserved 1048576K
}
Event: 77.171 GC heap after
{Heap after GC invocations=19 (full 0):
 garbage-first heap   total 131072K, used 13908K [0x0000000080c00000, 0x0000000100000000)
  region size 1024K, 6 young (6144K), 6 survivors (6144K)
 Metaspace       used 16267K, capacity 16765K, committed 17024K, reserved 1064960K
  class space    used 1606K, capacity 1855K, committed 1920K, reserved 1048576K
}

